<?xml version="1.0" encoding="utf-8"?>
<TestRun id="a9ed8088-6386-4908-a61f-3d0c361a9e34" name="tuank@TUANKHUE 2025-12-27 11:19:43" runUser="TUANKHUE\tuank" xmlns="http://microsoft.com/schemas/VisualStudio/TeamTest/2010">
  <Times creation="2025-12-27T11:19:43.7818117+07:00" queuing="2025-12-27T11:19:43.7818121+07:00" start="2025-12-27T11:19:42.6298316+07:00" finish="2025-12-27T11:19:43.8564025+07:00" />
  <TestSettings name="default" id="e687884d-5a95-4303-8f44-28f43090dd2b">
    <Deployment runDeploymentRoot="tuank_TUANKHUE_2025-12-27_11_19_43" />
  </TestSettings>
  <Results>
    <UnitTestResult executionId="f8143c5b-3b39-419d-9839-bf0c16c34131" testId="e1ea739a-ce2d-5b99-9d4c-e50280c23da0" testName="backend.Tests.Services.CartServiceTests.GetCartAsync_ReturnsEmptyList_WhenCartIsEmpty" computerName="TUANKHUE" duration="00:00:00.0012413" startTime="2025-12-27T11:19:43.7600607+07:00" endTime="2025-12-27T11:19:43.7605717+07:00" testType="13cdc9d9-ddb5-4fa4-a97d-d965ccfc6d4b" outcome="Passed" testListId="8c84fa94-04c1-424b-9868-57a2d4851a1d" relativeResultsDirectory="f8143c5b-3b39-419d-9839-bf0c16c34131" />
    <UnitTestResult executionId="22117320-1a04-4476-b4ed-97c4f2b52401" testId="6da14f0f-9db5-2e31-1439-6040158c9253" testName="backend.Tests.Integration.DatabaseIntegrationTests.CanSaveProductWithCategory" computerName="TUANKHUE" duration="00:00:00.0483992" startTime="2025-12-27T11:19:43.6893574+07:00" endTime="2025-12-27T11:19:43.7502824+07:00" testType="13cdc9d9-ddb5-4fa4-a97d-d965ccfc6d4b" outcome="Passed" testListId="8c84fa94-04c1-424b-9868-57a2d4851a1d" relativeResultsDirectory="22117320-1a04-4476-b4ed-97c4f2b52401" />
    <UnitTestResult executionId="52972934-596c-471f-b056-7fdeaa1dad7b" testId="353988b1-a744-ff9f-ad0e-ae4f3a9ee0bd" testName="backend.Tests.Services.ProductServiceTests.DeleteAsync_ReturnsFalse_WhenProductNotFound" computerName="TUANKHUE" duration="00:00:00.0011205" startTime="2025-12-27T11:19:43.7494825+07:00" endTime="2025-12-27T11:19:43.7495425+07:00" testType="13cdc9d9-ddb5-4fa4-a97d-d965ccfc6d4b" outcome="Passed" testListId="8c84fa94-04c1-424b-9868-57a2d4851a1d" relativeResultsDirectory="52972934-596c-471f-b056-7fdeaa1dad7b" />
    <UnitTestResult executionId="8e1b5392-5e0e-421f-8f68-4c2b8b5af5fd" testId="7f446aaf-ce11-ef55-2d00-7e9ee058aaef" testName="backend.Tests.Integration.DatabaseIntegrationTests.CanSaveAndRetrieveUser" computerName="TUANKHUE" duration="00:00:00.0011584" startTime="2025-12-27T11:19:43.7931181+07:00" endTime="2025-12-27T11:19:43.7942061+07:00" testType="13cdc9d9-ddb5-4fa4-a97d-d965ccfc6d4b" outcome="Passed" testListId="8c84fa94-04c1-424b-9868-57a2d4851a1d" relativeResultsDirectory="8e1b5392-5e0e-421f-8f68-4c2b8b5af5fd" />
    <UnitTestResult executionId="31f94cbf-b51e-4547-8356-bc7b07e02074" testId="b7ece30a-1721-6a3d-9892-0cfbd21ef059" testName="backend.Tests.Integration.DatabaseIntegrationTests.CanCreateOrderWithItems" computerName="TUANKHUE" duration="00:00:00.5928803" startTime="2025-12-27T11:19:43.0871830+07:00" endTime="2025-12-27T11:19:43.6885179+07:00" testType="13cdc9d9-ddb5-4fa4-a97d-d965ccfc6d4b" outcome="Passed" testListId="8c84fa94-04c1-424b-9868-57a2d4851a1d" relativeResultsDirectory="31f94cbf-b51e-4547-8356-bc7b07e02074" />
    <UnitTestResult executionId="9b830a85-21e8-4bf9-a2d1-daa893f228f7" testId="fc3861d0-af69-c8ef-e275-2c2f04321c9b" testName="backend.Tests.Integration.DatabaseIntegrationTests.CanQueryUsersByRole" computerName="TUANKHUE" duration="00:00:00.0142437" startTime="2025-12-27T11:19:43.7779234+07:00" endTime="2025-12-27T11:19:43.7915416+07:00" testType="13cdc9d9-ddb5-4fa4-a97d-d965ccfc6d4b" outcome="Passed" testListId="8c84fa94-04c1-424b-9868-57a2d4851a1d" relativeResultsDirectory="9b830a85-21e8-4bf9-a2d1-daa893f228f7" />
    <UnitTestResult executionId="0535fca7-8bc6-48c4-8e7f-653a83382c78" testId="3bb4fe83-78af-6ee3-6ad2-26714eb24005" testName="backend.Tests.Services.CartServiceTests.RemoveAsync_RemovesItemFromCart" computerName="TUANKHUE" duration="00:00:00.0037574" startTime="2025-12-27T11:19:43.7607095+07:00" endTime="2025-12-27T11:19:43.7644529+07:00" testType="13cdc9d9-ddb5-4fa4-a97d-d965ccfc6d4b" outcome="Passed" testListId="8c84fa94-04c1-424b-9868-57a2d4851a1d" relativeResultsDirectory="0535fca7-8bc6-48c4-8e7f-653a83382c78" />
    <UnitTestResult executionId="c0d6c52f-1eff-49f6-b9c3-414e9593731b" testId="9111005b-1b5c-18b2-8336-df76e883b409" testName="backend.Tests.Services.ProductServiceTests.GetPagedAsync_ReturnsCorrectPage" computerName="TUANKHUE" duration="00:00:00.0259610" startTime="2025-12-27T11:19:43.7498865+07:00" endTime="2025-12-27T11:19:43.7586999+07:00" testType="13cdc9d9-ddb5-4fa4-a97d-d965ccfc6d4b" outcome="Passed" testListId="8c84fa94-04c1-424b-9868-57a2d4851a1d" relativeResultsDirectory="c0d6c52f-1eff-49f6-b9c3-414e9593731b" />
    <UnitTestResult executionId="310492d9-37b9-43da-b3be-d693af8a37cc" testId="b119b4ea-4a39-4df7-6d9a-4fa93984325e" testName="backend.Tests.Services.CartServiceTests.AddAsync_AddsNewItemToCart" computerName="TUANKHUE" duration="00:00:00.0017162" startTime="2025-12-27T11:19:43.7501058+07:00" endTime="2025-12-27T11:19:43.7501536+07:00" testType="13cdc9d9-ddb5-4fa4-a97d-d965ccfc6d4b" outcome="Passed" testListId="8c84fa94-04c1-424b-9868-57a2d4851a1d" relativeResultsDirectory="310492d9-37b9-43da-b3be-d693af8a37cc" />
    <UnitTestResult executionId="1c62e1ce-ec33-4ec0-bdbf-888f69c7ab40" testId="44cf6e83-4a3d-cf9e-00e2-23f496cfe7a7" testName="backend.Tests.Services.ProductServiceTests.GetByIdAsync_ReturnsCorrectProduct" computerName="TUANKHUE" duration="00:00:00.0010323" startTime="2025-12-27T11:19:43.7496926+07:00" endTime="2025-12-27T11:19:43.7497565+07:00" testType="13cdc9d9-ddb5-4fa4-a97d-d965ccfc6d4b" outcome="Passed" testListId="8c84fa94-04c1-424b-9868-57a2d4851a1d" relativeResultsDirectory="1c62e1ce-ec33-4ec0-bdbf-888f69c7ab40" />
    <UnitTestResult executionId="9dd640b5-c1a2-423b-95cd-61b65ab770b5" testId="6615b528-c650-1037-1802-b81f3f66f321" testName="backend.Tests.Integration.DatabaseIntegrationTests.CanUpdateWalletBalance" computerName="TUANKHUE" duration="00:00:00.0307983" startTime="2025-12-27T11:19:43.7580940+07:00" endTime="2025-12-27T11:19:43.7705055+07:00" testType="13cdc9d9-ddb5-4fa4-a97d-d965ccfc6d4b" outcome="Passed" testListId="8c84fa94-04c1-424b-9868-57a2d4851a1d" relativeResultsDirectory="9dd640b5-c1a2-423b-95cd-61b65ab770b5" />
    <UnitTestResult executionId="3bedcbcc-a8fb-44b4-8871-170521bcc437" testId="4b0be3d2-1669-b3cc-5186-7ac5d816c55b" testName="backend.Tests.Services.ProductServiceTests.GetAllAsync_ReturnsAllProducts" computerName="TUANKHUE" duration="00:00:00.0063914" startTime="2025-12-27T11:19:43.7489663+07:00" endTime="2025-12-27T11:19:43.7491034+07:00" testType="13cdc9d9-ddb5-4fa4-a97d-d965ccfc6d4b" outcome="Passed" testListId="8c84fa94-04c1-424b-9868-57a2d4851a1d" relativeResultsDirectory="3bedcbcc-a8fb-44b4-8871-170521bcc437" />
    <UnitTestResult executionId="bd1bd4c5-9840-4182-800b-21d088eaeb8c" testId="cd56165b-10a6-0015-6cfc-b76e45031920" testName="backend.Tests.Services.CartServiceTests.GetCartAsync_ReturnsUserCartItems" computerName="TUANKHUE" duration="00:00:00.6280947" startTime="2025-12-27T11:19:43.0872157+07:00" endTime="2025-12-27T11:19:43.7156915+07:00" testType="13cdc9d9-ddb5-4fa4-a97d-d965ccfc6d4b" outcome="Passed" testListId="8c84fa94-04c1-424b-9868-57a2d4851a1d" relativeResultsDirectory="bd1bd4c5-9840-4182-800b-21d088eaeb8c" />
    <UnitTestResult executionId="8984a627-2ac5-40e5-bc5c-7c4fb034353c" testId="019b3549-a746-c429-420f-55757220832d" testName="backend.Tests.Integration.DatabaseIntegrationTests.CanSaveAndRetrieveWallet" computerName="TUANKHUE" duration="00:00:00.0065889" startTime="2025-12-27T11:19:43.7706721+07:00" endTime="2025-12-27T11:19:43.7772144+07:00" testType="13cdc9d9-ddb5-4fa4-a97d-d965ccfc6d4b" outcome="Passed" testListId="8c84fa94-04c1-424b-9868-57a2d4851a1d" relativeResultsDirectory="8984a627-2ac5-40e5-bc5c-7c4fb034353c" />
    <UnitTestResult executionId="344e56b2-5ba5-4061-a37b-3324538d64de" testId="91553dbd-0b5b-618b-cd15-efb95ad5ed57" testName="backend.Tests.Services.CartServiceTests.AddAsync_ThrowsException_WhenQuantityIsZeroOrNegative" computerName="TUANKHUE" duration="00:00:00.0022463" startTime="2025-12-27T11:19:43.7585383+07:00" endTime="2025-12-27T11:19:43.7585726+07:00" testType="13cdc9d9-ddb5-4fa4-a97d-d965ccfc6d4b" outcome="Passed" testListId="8c84fa94-04c1-424b-9868-57a2d4851a1d" relativeResultsDirectory="344e56b2-5ba5-4061-a37b-3324538d64de" />
    <UnitTestResult executionId="7ead1058-b514-453c-a6ed-fb9854280033" testId="5a9c0b86-52fc-dcb8-c6e5-047734c19765" testName="backend.Tests.Services.ProductServiceTests.CreateAsync_AddsNewProduct" computerName="TUANKHUE" duration="00:00:00.0033863" startTime="2025-12-27T11:19:43.7089831+07:00" endTime="2025-12-27T11:19:43.7123526+07:00" testType="13cdc9d9-ddb5-4fa4-a97d-d965ccfc6d4b" outcome="Passed" testListId="8c84fa94-04c1-424b-9868-57a2d4851a1d" relativeResultsDirectory="7ead1058-b514-453c-a6ed-fb9854280033" />
    <UnitTestResult executionId="90f6034b-0596-4531-bc27-08dfcdf7211b" testId="edf503fe-f45a-4b2b-b4dc-f3792d74e7cd" testName="backend.Tests.Services.ProductServiceTests.GetByIdAsync_ReturnsNull_WhenProductNotFound" computerName="TUANKHUE" duration="00:00:00.0015456" startTime="2025-12-27T11:19:43.7126037+07:00" endTime="2025-12-27T11:19:43.7139907+07:00" testType="13cdc9d9-ddb5-4fa4-a97d-d965ccfc6d4b" outcome="Passed" testListId="8c84fa94-04c1-424b-9868-57a2d4851a1d" relativeResultsDirectory="90f6034b-0596-4531-bc27-08dfcdf7211b" />
    <UnitTestResult executionId="108989e1-a0c6-4ced-b74a-dfa47a01857e" testId="d7ba98a3-7214-3ee0-8e37-455979faa908" testName="backend.Tests.Services.CartServiceTests.ClearAsync_RemovesAllItemsFromCart" computerName="TUANKHUE" duration="00:00:00.0079617" startTime="2025-12-27T11:19:43.7586637+07:00" endTime="2025-12-27T11:19:43.7598970+07:00" testType="13cdc9d9-ddb5-4fa4-a97d-d965ccfc6d4b" outcome="Passed" testListId="8c84fa94-04c1-424b-9868-57a2d4851a1d" relativeResultsDirectory="108989e1-a0c6-4ced-b74a-dfa47a01857e" />
    <UnitTestResult executionId="d2c5f00e-a828-438e-a98e-786248986250" testId="fd94807e-78cb-3901-1b2d-9b489548223e" testName="backend.Tests.Integration.DatabaseIntegrationTests.TransactionRollback_OnError" computerName="TUANKHUE" duration="00:00:00.0031146" startTime="2025-12-27T11:19:43.7503659+07:00" endTime="2025-12-27T11:19:43.7508080+07:00" testType="13cdc9d9-ddb5-4fa4-a97d-d965ccfc6d4b" outcome="Failed" testListId="8c84fa94-04c1-424b-9868-57a2d4851a1d" relativeResultsDirectory="d2c5f00e-a828-438e-a98e-786248986250">
      <Output>
        <ErrorInfo>
          <Message>System.InvalidOperationException : An error was generated for warning 'Microsoft.EntityFrameworkCore.Database.Transaction.TransactionIgnoredWarning': Transactions are not supported by the in-memory store. See https://go.microsoft.com/fwlink/?LinkId=800142 This exception can be suppressed or logged by passing event ID 'InMemoryEventId.TransactionIgnoredWarning' to the 'ConfigureWarnings' method in 'DbContext.OnConfiguring' or 'AddDbContext'.</Message>
          <StackTrace>   at Microsoft.EntityFrameworkCore.Diagnostics.EventDefinition.Log[TLoggerCategory](IDiagnosticsLogger`1 logger, Exception exception)&#xD;
   at Microsoft.EntityFrameworkCore.InMemory.Internal.InMemoryLoggerExtensions.TransactionIgnoredWarning(IDiagnosticsLogger`1 diagnostics)&#xD;
   at Microsoft.EntityFrameworkCore.InMemory.Storage.Internal.InMemoryTransactionManager.BeginTransactionAsync(CancellationToken cancellationToken)&#xD;
   at Microsoft.EntityFrameworkCore.Infrastructure.DatabaseFacade.BeginTransactionAsync(CancellationToken cancellationToken)&#xD;
   at backend.Tests.Integration.DatabaseIntegrationTests.TransactionRollback_OnError() in D:\WorkSpace\SchoolTrainingSystem\backend.Tests\Integration\DatabaseIntegrationTests.cs:line 162&#xD;
--- End of stack trace from previous location ---</StackTrace>
        </ErrorInfo>
      </Output>
    </UnitTestResult>
    <UnitTestResult executionId="d09595fe-5563-4009-8df6-8c478fe982f5" testId="799fbad9-5075-f3da-4790-37f50d710aec" testName="backend.Tests.Services.CartServiceTests.AddAsync_IncreasesQuantity_WhenProductAlreadyInCart" computerName="TUANKHUE" duration="00:00:00.0019744" startTime="2025-12-27T11:19:43.7158510+07:00" endTime="2025-12-27T11:19:43.7177713+07:00" testType="13cdc9d9-ddb5-4fa4-a97d-d965ccfc6d4b" outcome="Passed" testListId="8c84fa94-04c1-424b-9868-57a2d4851a1d" relativeResultsDirectory="d09595fe-5563-4009-8df6-8c478fe982f5" />
    <UnitTestResult executionId="efcc5b7c-59d9-47dd-9930-4ea74fdedbf2" testId="de5fdeb5-be0e-d4bc-2594-57e62500493e" testName="backend.Tests.Services.ProductServiceTests.UpdateAsync_ReturnsNull_WhenProductNotFound" computerName="TUANKHUE" duration="00:00:00.0286803" startTime="2025-12-27T11:19:43.6883817+07:00" endTime="2025-12-27T11:19:43.7088089+07:00" testType="13cdc9d9-ddb5-4fa4-a97d-d965ccfc6d4b" outcome="Passed" testListId="8c84fa94-04c1-424b-9868-57a2d4851a1d" relativeResultsDirectory="efcc5b7c-59d9-47dd-9930-4ea74fdedbf2" />
    <UnitTestResult executionId="fc7aeda4-a593-478f-ac74-da06396f4590" testId="5eb239f9-61f4-2e9c-808a-60a9c61857a7" testName="backend.Tests.Services.ProductServiceTests.UpdateAsync_ModifiesExistingProduct" computerName="TUANKHUE" duration="00:00:00.0037152" startTime="2025-12-27T11:19:43.7142359+07:00" endTime="2025-12-27T11:19:43.7178425+07:00" testType="13cdc9d9-ddb5-4fa4-a97d-d965ccfc6d4b" outcome="Passed" testListId="8c84fa94-04c1-424b-9868-57a2d4851a1d" relativeResultsDirectory="fc7aeda4-a593-478f-ac74-da06396f4590" />
    <UnitTestResult executionId="5213af33-e489-44a8-8e81-1ba89f4e5fd4" testId="86dccb84-2d08-6d5b-4bb8-f8925cf46673" testName="backend.Tests.Services.CartServiceTests.UpdateQuantityAsync_RemovesItem_WhenQuantityIsZeroOrNegative" computerName="TUANKHUE" duration="00:00:00.0088910" startTime="2025-12-27T11:19:43.7490016+07:00" endTime="2025-12-27T11:19:43.7499611+07:00" testType="13cdc9d9-ddb5-4fa4-a97d-d965ccfc6d4b" outcome="Passed" testListId="8c84fa94-04c1-424b-9868-57a2d4851a1d" relativeResultsDirectory="5213af33-e489-44a8-8e81-1ba89f4e5fd4" />
    <UnitTestResult executionId="f6e7e8c2-4bd6-438b-8298-b6fb4757001b" testId="9728d47d-37cc-f24e-fd34-5844fe6e12d5" testName="backend.Tests.Integration.DatabaseIntegrationTests.CanConnectToInMemoryDatabase" computerName="TUANKHUE" duration="00:00:00.0014429" startTime="2025-12-27T11:19:43.7917053+07:00" endTime="2025-12-27T11:19:43.7930112+07:00" testType="13cdc9d9-ddb5-4fa4-a97d-d965ccfc6d4b" outcome="Passed" testListId="8c84fa94-04c1-424b-9868-57a2d4851a1d" relativeResultsDirectory="f6e7e8c2-4bd6-438b-8298-b6fb4757001b" />
    <UnitTestResult executionId="d1eb8d3a-be2d-4a10-800d-6cd292e22bdf" testId="8e2f648d-7a7a-8101-74b4-386da19e522e" testName="backend.Tests.Services.ProductServiceTests.DeleteAsync_RemovesProduct" computerName="TUANKHUE" duration="00:00:00.5896359" startTime="2025-12-27T11:19:43.0860754+07:00" endTime="2025-12-27T11:19:43.6792627+07:00" testType="13cdc9d9-ddb5-4fa4-a97d-d965ccfc6d4b" outcome="Passed" testListId="8c84fa94-04c1-424b-9868-57a2d4851a1d" relativeResultsDirectory="d1eb8d3a-be2d-4a10-800d-6cd292e22bdf" />
    <UnitTestResult executionId="75975002-8b43-4855-90f7-a7e3714ef70c" testId="edede126-af57-dfdf-3f86-bf2188236c8a" testName="backend.Tests.Services.CartServiceTests.AddAsync_ThrowsException_WhenProductNotFound" computerName="TUANKHUE" duration="00:00:00.0116697" startTime="2025-12-27T11:19:43.7502467+07:00" endTime="2025-12-27T11:19:43.7581804+07:00" testType="13cdc9d9-ddb5-4fa4-a97d-d965ccfc6d4b" outcome="Passed" testListId="8c84fa94-04c1-424b-9868-57a2d4851a1d" relativeResultsDirectory="75975002-8b43-4855-90f7-a7e3714ef70c" />
    <UnitTestResult executionId="bf91abc5-b336-4bd2-95c7-1aa697668c2f" testId="178f9eab-600c-20e6-62fc-f3461ab7bbc5" testName="backend.Tests.Services.CartServiceTests.UpdateQuantityAsync_UpdatesCartItemQuantity" computerName="TUANKHUE" duration="00:00:00.0085438" startTime="2025-12-27T11:19:43.7584017+07:00" endTime="2025-12-27T11:19:43.7584396+07:00" testType="13cdc9d9-ddb5-4fa4-a97d-d965ccfc6d4b" outcome="Passed" testListId="8c84fa94-04c1-424b-9868-57a2d4851a1d" relativeResultsDirectory="bf91abc5-b336-4bd2-95c7-1aa697668c2f" />
  </Results>
  <TestDefinitions>
    <UnitTest name="backend.Tests.Integration.DatabaseIntegrationTests.TransactionRollback_OnError" storage="d:\workspace\schooltrainingsystem\backend.tests\bin\debug\net9.0\backend.tests.dll" id="fd94807e-78cb-3901-1b2d-9b489548223e">
      <Execution id="d2c5f00e-a828-438e-a98e-786248986250" />
      <TestMethod codeBase="D:\WorkSpace\SchoolTrainingSystem\backend.Tests\bin\Debug\net9.0\backend.Tests.dll" adapterTypeName="executor://xunit/VsTestRunner3/netcore/" className="backend.Tests.Integration.DatabaseIntegrationTests" name="TransactionRollback_OnError" />
    </UnitTest>
    <UnitTest name="backend.Tests.Integration.DatabaseIntegrationTests.CanSaveAndRetrieveUser" storage="d:\workspace\schooltrainingsystem\backend.tests\bin\debug\net9.0\backend.tests.dll" id="7f446aaf-ce11-ef55-2d00-7e9ee058aaef">
      <Execution id="8e1b5392-5e0e-421f-8f68-4c2b8b5af5fd" />
      <TestMethod codeBase="D:\WorkSpace\SchoolTrainingSystem\backend.Tests\bin\Debug\net9.0\backend.Tests.dll" adapterTypeName="executor://xunit/VsTestRunner3/netcore/" className="backend.Tests.Integration.DatabaseIntegrationTests" name="CanSaveAndRetrieveUser" />
    </UnitTest>
    <UnitTest name="backend.Tests.Services.CartServiceTests.UpdateQuantityAsync_UpdatesCartItemQuantity" storage="d:\workspace\schooltrainingsystem\backend.tests\bin\debug\net9.0\backend.tests.dll" id="178f9eab-600c-20e6-62fc-f3461ab7bbc5">
      <Execution id="bf91abc5-b336-4bd2-95c7-1aa697668c2f" />
      <TestMethod codeBase="D:\WorkSpace\SchoolTrainingSystem\backend.Tests\bin\Debug\net9.0\backend.Tests.dll" adapterTypeName="executor://xunit/VsTestRunner3/netcore/" className="backend.Tests.Services.CartServiceTests" name="UpdateQuantityAsync_UpdatesCartItemQuantity" />
    </UnitTest>
    <UnitTest name="backend.Tests.Integration.DatabaseIntegrationTests.CanCreateOrderWithItems" storage="d:\workspace\schooltrainingsystem\backend.tests\bin\debug\net9.0\backend.tests.dll" id="b7ece30a-1721-6a3d-9892-0cfbd21ef059">
      <Execution id="31f94cbf-b51e-4547-8356-bc7b07e02074" />
      <TestMethod codeBase="D:\WorkSpace\SchoolTrainingSystem\backend.Tests\bin\Debug\net9.0\backend.Tests.dll" adapterTypeName="executor://xunit/VsTestRunner3/netcore/" className="backend.Tests.Integration.DatabaseIntegrationTests" name="CanCreateOrderWithItems" />
    </UnitTest>
    <UnitTest name="backend.Tests.Services.CartServiceTests.GetCartAsync_ReturnsEmptyList_WhenCartIsEmpty" storage="d:\workspace\schooltrainingsystem\backend.tests\bin\debug\net9.0\backend.tests.dll" id="e1ea739a-ce2d-5b99-9d4c-e50280c23da0">
      <Execution id="f8143c5b-3b39-419d-9839-bf0c16c34131" />
      <TestMethod codeBase="D:\WorkSpace\SchoolTrainingSystem\backend.Tests\bin\Debug\net9.0\backend.Tests.dll" adapterTypeName="executor://xunit/VsTestRunner3/netcore/" className="backend.Tests.Services.CartServiceTests" name="GetCartAsync_ReturnsEmptyList_WhenCartIsEmpty" />
    </UnitTest>
    <UnitTest name="backend.Tests.Services.CartServiceTests.UpdateQuantityAsync_RemovesItem_WhenQuantityIsZeroOrNegative" storage="d:\workspace\schooltrainingsystem\backend.tests\bin\debug\net9.0\backend.tests.dll" id="86dccb84-2d08-6d5b-4bb8-f8925cf46673">
      <Execution id="5213af33-e489-44a8-8e81-1ba89f4e5fd4" />
      <TestMethod codeBase="D:\WorkSpace\SchoolTrainingSystem\backend.Tests\bin\Debug\net9.0\backend.Tests.dll" adapterTypeName="executor://xunit/VsTestRunner3/netcore/" className="backend.Tests.Services.CartServiceTests" name="UpdateQuantityAsync_RemovesItem_WhenQuantityIsZeroOrNegative" />
    </UnitTest>
    <UnitTest name="backend.Tests.Services.CartServiceTests.AddAsync_AddsNewItemToCart" storage="d:\workspace\schooltrainingsystem\backend.tests\bin\debug\net9.0\backend.tests.dll" id="b119b4ea-4a39-4df7-6d9a-4fa93984325e">
      <Execution id="310492d9-37b9-43da-b3be-d693af8a37cc" />
      <TestMethod codeBase="D:\WorkSpace\SchoolTrainingSystem\backend.Tests\bin\Debug\net9.0\backend.Tests.dll" adapterTypeName="executor://xunit/VsTestRunner3/netcore/" className="backend.Tests.Services.CartServiceTests" name="AddAsync_AddsNewItemToCart" />
    </UnitTest>
    <UnitTest name="backend.Tests.Integration.DatabaseIntegrationTests.CanSaveProductWithCategory" storage="d:\workspace\schooltrainingsystem\backend.tests\bin\debug\net9.0\backend.tests.dll" id="6da14f0f-9db5-2e31-1439-6040158c9253">
      <Execution id="22117320-1a04-4476-b4ed-97c4f2b52401" />
      <TestMethod codeBase="D:\WorkSpace\SchoolTrainingSystem\backend.Tests\bin\Debug\net9.0\backend.Tests.dll" adapterTypeName="executor://xunit/VsTestRunner3/netcore/" className="backend.Tests.Integration.DatabaseIntegrationTests" name="CanSaveProductWithCategory" />
    </UnitTest>
    <UnitTest name="backend.Tests.Integration.DatabaseIntegrationTests.CanUpdateWalletBalance" storage="d:\workspace\schooltrainingsystem\backend.tests\bin\debug\net9.0\backend.tests.dll" id="6615b528-c650-1037-1802-b81f3f66f321">
      <Execution id="9dd640b5-c1a2-423b-95cd-61b65ab770b5" />
      <TestMethod codeBase="D:\WorkSpace\SchoolTrainingSystem\backend.Tests\bin\Debug\net9.0\backend.Tests.dll" adapterTypeName="executor://xunit/VsTestRunner3/netcore/" className="backend.Tests.Integration.DatabaseIntegrationTests" name="CanUpdateWalletBalance" />
    </UnitTest>
    <UnitTest name="backend.Tests.Services.CartServiceTests.AddAsync_ThrowsException_WhenQuantityIsZeroOrNegative" storage="d:\workspace\schooltrainingsystem\backend.tests\bin\debug\net9.0\backend.tests.dll" id="91553dbd-0b5b-618b-cd15-efb95ad5ed57">
      <Execution id="344e56b2-5ba5-4061-a37b-3324538d64de" />
      <TestMethod codeBase="D:\WorkSpace\SchoolTrainingSystem\backend.Tests\bin\Debug\net9.0\backend.Tests.dll" adapterTypeName="executor://xunit/VsTestRunner3/netcore/" className="backend.Tests.Services.CartServiceTests" name="AddAsync_ThrowsException_WhenQuantityIsZeroOrNegative" />
    </UnitTest>
    <UnitTest name="backend.Tests.Services.ProductServiceTests.UpdateAsync_ReturnsNull_WhenProductNotFound" storage="d:\workspace\schooltrainingsystem\backend.tests\bin\debug\net9.0\backend.tests.dll" id="de5fdeb5-be0e-d4bc-2594-57e62500493e">
      <Execution id="efcc5b7c-59d9-47dd-9930-4ea74fdedbf2" />
      <TestMethod codeBase="D:\WorkSpace\SchoolTrainingSystem\backend.Tests\bin\Debug\net9.0\backend.Tests.dll" adapterTypeName="executor://xunit/VsTestRunner3/netcore/" className="backend.Tests.Services.ProductServiceTests" name="UpdateAsync_ReturnsNull_WhenProductNotFound" />
    </UnitTest>
    <UnitTest name="backend.Tests.Integration.DatabaseIntegrationTests.CanSaveAndRetrieveWallet" storage="d:\workspace\schooltrainingsystem\backend.tests\bin\debug\net9.0\backend.tests.dll" id="019b3549-a746-c429-420f-55757220832d">
      <Execution id="8984a627-2ac5-40e5-bc5c-7c4fb034353c" />
      <TestMethod codeBase="D:\WorkSpace\SchoolTrainingSystem\backend.Tests\bin\Debug\net9.0\backend.Tests.dll" adapterTypeName="executor://xunit/VsTestRunner3/netcore/" className="backend.Tests.Integration.DatabaseIntegrationTests" name="CanSaveAndRetrieveWallet" />
    </UnitTest>
    <UnitTest name="backend.Tests.Services.ProductServiceTests.GetByIdAsync_ReturnsNull_WhenProductNotFound" storage="d:\workspace\schooltrainingsystem\backend.tests\bin\debug\net9.0\backend.tests.dll" id="edf503fe-f45a-4b2b-b4dc-f3792d74e7cd">
      <Execution id="90f6034b-0596-4531-bc27-08dfcdf7211b" />
      <TestMethod codeBase="D:\WorkSpace\SchoolTrainingSystem\backend.Tests\bin\Debug\net9.0\backend.Tests.dll" adapterTypeName="executor://xunit/VsTestRunner3/netcore/" className="backend.Tests.Services.ProductServiceTests" name="GetByIdAsync_ReturnsNull_WhenProductNotFound" />
    </UnitTest>
    <UnitTest name="backend.Tests.Services.ProductServiceTests.DeleteAsync_ReturnsFalse_WhenProductNotFound" storage="d:\workspace\schooltrainingsystem\backend.tests\bin\debug\net9.0\backend.tests.dll" id="353988b1-a744-ff9f-ad0e-ae4f3a9ee0bd">
      <Execution id="52972934-596c-471f-b056-7fdeaa1dad7b" />
      <TestMethod codeBase="D:\WorkSpace\SchoolTrainingSystem\backend.Tests\bin\Debug\net9.0\backend.Tests.dll" adapterTypeName="executor://xunit/VsTestRunner3/netcore/" className="backend.Tests.Services.ProductServiceTests" name="DeleteAsync_ReturnsFalse_WhenProductNotFound" />
    </UnitTest>
    <UnitTest name="backend.Tests.Services.ProductServiceTests.UpdateAsync_ModifiesExistingProduct" storage="d:\workspace\schooltrainingsystem\backend.tests\bin\debug\net9.0\backend.tests.dll" id="5eb239f9-61f4-2e9c-808a-60a9c61857a7">
      <Execution id="fc7aeda4-a593-478f-ac74-da06396f4590" />
      <TestMethod codeBase="D:\WorkSpace\SchoolTrainingSystem\backend.Tests\bin\Debug\net9.0\backend.Tests.dll" adapterTypeName="executor://xunit/VsTestRunner3/netcore/" className="backend.Tests.Services.ProductServiceTests" name="UpdateAsync_ModifiesExistingProduct" />
    </UnitTest>
    <UnitTest name="backend.Tests.Services.ProductServiceTests.CreateAsync_AddsNewProduct" storage="d:\workspace\schooltrainingsystem\backend.tests\bin\debug\net9.0\backend.tests.dll" id="5a9c0b86-52fc-dcb8-c6e5-047734c19765">
      <Execution id="7ead1058-b514-453c-a6ed-fb9854280033" />
      <TestMethod codeBase="D:\WorkSpace\SchoolTrainingSystem\backend.Tests\bin\Debug\net9.0\backend.Tests.dll" adapterTypeName="executor://xunit/VsTestRunner3/netcore/" className="backend.Tests.Services.ProductServiceTests" name="CreateAsync_AddsNewProduct" />
    </UnitTest>
    <UnitTest name="backend.Tests.Services.CartServiceTests.ClearAsync_RemovesAllItemsFromCart" storage="d:\workspace\schooltrainingsystem\backend.tests\bin\debug\net9.0\backend.tests.dll" id="d7ba98a3-7214-3ee0-8e37-455979faa908">
      <Execution id="108989e1-a0c6-4ced-b74a-dfa47a01857e" />
      <TestMethod codeBase="D:\WorkSpace\SchoolTrainingSystem\backend.Tests\bin\Debug\net9.0\backend.Tests.dll" adapterTypeName="executor://xunit/VsTestRunner3/netcore/" className="backend.Tests.Services.CartServiceTests" name="ClearAsync_RemovesAllItemsFromCart" />
    </UnitTest>
    <UnitTest name="backend.Tests.Services.ProductServiceTests.GetByIdAsync_ReturnsCorrectProduct" storage="d:\workspace\schooltrainingsystem\backend.tests\bin\debug\net9.0\backend.tests.dll" id="44cf6e83-4a3d-cf9e-00e2-23f496cfe7a7">
      <Execution id="1c62e1ce-ec33-4ec0-bdbf-888f69c7ab40" />
      <TestMethod codeBase="D:\WorkSpace\SchoolTrainingSystem\backend.Tests\bin\Debug\net9.0\backend.Tests.dll" adapterTypeName="executor://xunit/VsTestRunner3/netcore/" className="backend.Tests.Services.ProductServiceTests" name="GetByIdAsync_ReturnsCorrectProduct" />
    </UnitTest>
    <UnitTest name="backend.Tests.Services.ProductServiceTests.GetPagedAsync_ReturnsCorrectPage" storage="d:\workspace\schooltrainingsystem\backend.tests\bin\debug\net9.0\backend.tests.dll" id="9111005b-1b5c-18b2-8336-df76e883b409">
      <Execution id="c0d6c52f-1eff-49f6-b9c3-414e9593731b" />
      <TestMethod codeBase="D:\WorkSpace\SchoolTrainingSystem\backend.Tests\bin\Debug\net9.0\backend.Tests.dll" adapterTypeName="executor://xunit/VsTestRunner3/netcore/" className="backend.Tests.Services.ProductServiceTests" name="GetPagedAsync_ReturnsCorrectPage" />
    </UnitTest>
    <UnitTest name="backend.Tests.Services.CartServiceTests.GetCartAsync_ReturnsUserCartItems" storage="d:\workspace\schooltrainingsystem\backend.tests\bin\debug\net9.0\backend.tests.dll" id="cd56165b-10a6-0015-6cfc-b76e45031920">
      <Execution id="bd1bd4c5-9840-4182-800b-21d088eaeb8c" />
      <TestMethod codeBase="D:\WorkSpace\SchoolTrainingSystem\backend.Tests\bin\Debug\net9.0\backend.Tests.dll" adapterTypeName="executor://xunit/VsTestRunner3/netcore/" className="backend.Tests.Services.CartServiceTests" name="GetCartAsync_ReturnsUserCartItems" />
    </UnitTest>
    <UnitTest name="backend.Tests.Services.CartServiceTests.RemoveAsync_RemovesItemFromCart" storage="d:\workspace\schooltrainingsystem\backend.tests\bin\debug\net9.0\backend.tests.dll" id="3bb4fe83-78af-6ee3-6ad2-26714eb24005">
      <Execution id="0535fca7-8bc6-48c4-8e7f-653a83382c78" />
      <TestMethod codeBase="D:\WorkSpace\SchoolTrainingSystem\backend.Tests\bin\Debug\net9.0\backend.Tests.dll" adapterTypeName="executor://xunit/VsTestRunner3/netcore/" className="backend.Tests.Services.CartServiceTests" name="RemoveAsync_RemovesItemFromCart" />
    </UnitTest>
    <UnitTest name="backend.Tests.Services.ProductServiceTests.GetAllAsync_ReturnsAllProducts" storage="d:\workspace\schooltrainingsystem\backend.tests\bin\debug\net9.0\backend.tests.dll" id="4b0be3d2-1669-b3cc-5186-7ac5d816c55b">
      <Execution id="3bedcbcc-a8fb-44b4-8871-170521bcc437" />
      <TestMethod codeBase="D:\WorkSpace\SchoolTrainingSystem\backend.Tests\bin\Debug\net9.0\backend.Tests.dll" adapterTypeName="executor://xunit/VsTestRunner3/netcore/" className="backend.Tests.Services.ProductServiceTests" name="GetAllAsync_ReturnsAllProducts" />
    </UnitTest>
    <UnitTest name="backend.Tests.Services.ProductServiceTests.DeleteAsync_RemovesProduct" storage="d:\workspace\schooltrainingsystem\backend.tests\bin\debug\net9.0\backend.tests.dll" id="8e2f648d-7a7a-8101-74b4-386da19e522e">
      <Execution id="d1eb8d3a-be2d-4a10-800d-6cd292e22bdf" />
      <TestMethod codeBase="D:\WorkSpace\SchoolTrainingSystem\backend.Tests\bin\Debug\net9.0\backend.Tests.dll" adapterTypeName="executor://xunit/VsTestRunner3/netcore/" className="backend.Tests.Services.ProductServiceTests" name="DeleteAsync_RemovesProduct" />
    </UnitTest>
    <UnitTest name="backend.Tests.Integration.DatabaseIntegrationTests.CanConnectToInMemoryDatabase" storage="d:\workspace\schooltrainingsystem\backend.tests\bin\debug\net9.0\backend.tests.dll" id="9728d47d-37cc-f24e-fd34-5844fe6e12d5">
      <Execution id="f6e7e8c2-4bd6-438b-8298-b6fb4757001b" />
      <TestMethod codeBase="D:\WorkSpace\SchoolTrainingSystem\backend.Tests\bin\Debug\net9.0\backend.Tests.dll" adapterTypeName="executor://xunit/VsTestRunner3/netcore/" className="backend.Tests.Integration.DatabaseIntegrationTests" name="CanConnectToInMemoryDatabase" />
    </UnitTest>
    <UnitTest name="backend.Tests.Integration.DatabaseIntegrationTests.CanQueryUsersByRole" storage="d:\workspace\schooltrainingsystem\backend.tests\bin\debug\net9.0\backend.tests.dll" id="fc3861d0-af69-c8ef-e275-2c2f04321c9b">
      <Execution id="9b830a85-21e8-4bf9-a2d1-daa893f228f7" />
      <TestMethod codeBase="D:\WorkSpace\SchoolTrainingSystem\backend.Tests\bin\Debug\net9.0\backend.Tests.dll" adapterTypeName="executor://xunit/VsTestRunner3/netcore/" className="backend.Tests.Integration.DatabaseIntegrationTests" name="CanQueryUsersByRole" />
    </UnitTest>
    <UnitTest name="backend.Tests.Services.CartServiceTests.AddAsync_ThrowsException_WhenProductNotFound" storage="d:\workspace\schooltrainingsystem\backend.tests\bin\debug\net9.0\backend.tests.dll" id="edede126-af57-dfdf-3f86-bf2188236c8a">
      <Execution id="75975002-8b43-4855-90f7-a7e3714ef70c" />
      <TestMethod codeBase="D:\WorkSpace\SchoolTrainingSystem\backend.Tests\bin\Debug\net9.0\backend.Tests.dll" adapterTypeName="executor://xunit/VsTestRunner3/netcore/" className="backend.Tests.Services.CartServiceTests" name="AddAsync_ThrowsException_WhenProductNotFound" />
    </UnitTest>
    <UnitTest name="backend.Tests.Services.CartServiceTests.AddAsync_IncreasesQuantity_WhenProductAlreadyInCart" storage="d:\workspace\schooltrainingsystem\backend.tests\bin\debug\net9.0\backend.tests.dll" id="799fbad9-5075-f3da-4790-37f50d710aec">
      <Execution id="d09595fe-5563-4009-8df6-8c478fe982f5" />
      <TestMethod codeBase="D:\WorkSpace\SchoolTrainingSystem\backend.Tests\bin\Debug\net9.0\backend.Tests.dll" adapterTypeName="executor://xunit/VsTestRunner3/netcore/" className="backend.Tests.Services.CartServiceTests" name="AddAsync_IncreasesQuantity_WhenProductAlreadyInCart" />
    </UnitTest>
  </TestDefinitions>
  <TestEntries>
    <TestEntry testId="e1ea739a-ce2d-5b99-9d4c-e50280c23da0" executionId="f8143c5b-3b39-419d-9839-bf0c16c34131" testListId="8c84fa94-04c1-424b-9868-57a2d4851a1d" />
    <TestEntry testId="6da14f0f-9db5-2e31-1439-6040158c9253" executionId="22117320-1a04-4476-b4ed-97c4f2b52401" testListId="8c84fa94-04c1-424b-9868-57a2d4851a1d" />
    <TestEntry testId="353988b1-a744-ff9f-ad0e-ae4f3a9ee0bd" executionId="52972934-596c-471f-b056-7fdeaa1dad7b" testListId="8c84fa94-04c1-424b-9868-57a2d4851a1d" />
    <TestEntry testId="7f446aaf-ce11-ef55-2d00-7e9ee058aaef" executionId="8e1b5392-5e0e-421f-8f68-4c2b8b5af5fd" testListId="8c84fa94-04c1-424b-9868-57a2d4851a1d" />
    <TestEntry testId="b7ece30a-1721-6a3d-9892-0cfbd21ef059" executionId="31f94cbf-b51e-4547-8356-bc7b07e02074" testListId="8c84fa94-04c1-424b-9868-57a2d4851a1d" />
    <TestEntry testId="fc3861d0-af69-c8ef-e275-2c2f04321c9b" executionId="9b830a85-21e8-4bf9-a2d1-daa893f228f7" testListId="8c84fa94-04c1-424b-9868-57a2d4851a1d" />
    <TestEntry testId="3bb4fe83-78af-6ee3-6ad2-26714eb24005" executionId="0535fca7-8bc6-48c4-8e7f-653a83382c78" testListId="8c84fa94-04c1-424b-9868-57a2d4851a1d" />
    <TestEntry testId="9111005b-1b5c-18b2-8336-df76e883b409" executionId="c0d6c52f-1eff-49f6-b9c3-414e9593731b" testListId="8c84fa94-04c1-424b-9868-57a2d4851a1d" />
    <TestEntry testId="b119b4ea-4a39-4df7-6d9a-4fa93984325e" executionId="310492d9-37b9-43da-b3be-d693af8a37cc" testListId="8c84fa94-04c1-424b-9868-57a2d4851a1d" />
    <TestEntry testId="44cf6e83-4a3d-cf9e-00e2-23f496cfe7a7" executionId="1c62e1ce-ec33-4ec0-bdbf-888f69c7ab40" testListId="8c84fa94-04c1-424b-9868-57a2d4851a1d" />
    <TestEntry testId="6615b528-c650-1037-1802-b81f3f66f321" executionId="9dd640b5-c1a2-423b-95cd-61b65ab770b5" testListId="8c84fa94-04c1-424b-9868-57a2d4851a1d" />
    <TestEntry testId="4b0be3d2-1669-b3cc-5186-7ac5d816c55b" executionId="3bedcbcc-a8fb-44b4-8871-170521bcc437" testListId="8c84fa94-04c1-424b-9868-57a2d4851a1d" />
    <TestEntry testId="cd56165b-10a6-0015-6cfc-b76e45031920" executionId="bd1bd4c5-9840-4182-800b-21d088eaeb8c" testListId="8c84fa94-04c1-424b-9868-57a2d4851a1d" />
    <TestEntry testId="019b3549-a746-c429-420f-55757220832d" executionId="8984a627-2ac5-40e5-bc5c-7c4fb034353c" testListId="8c84fa94-04c1-424b-9868-57a2d4851a1d" />
    <TestEntry testId="91553dbd-0b5b-618b-cd15-efb95ad5ed57" executionId="344e56b2-5ba5-4061-a37b-3324538d64de" testListId="8c84fa94-04c1-424b-9868-57a2d4851a1d" />
    <TestEntry testId="5a9c0b86-52fc-dcb8-c6e5-047734c19765" executionId="7ead1058-b514-453c-a6ed-fb9854280033" testListId="8c84fa94-04c1-424b-9868-57a2d4851a1d" />
    <TestEntry testId="edf503fe-f45a-4b2b-b4dc-f3792d74e7cd" executionId="90f6034b-0596-4531-bc27-08dfcdf7211b" testListId="8c84fa94-04c1-424b-9868-57a2d4851a1d" />
    <TestEntry testId="d7ba98a3-7214-3ee0-8e37-455979faa908" executionId="108989e1-a0c6-4ced-b74a-dfa47a01857e" testListId="8c84fa94-04c1-424b-9868-57a2d4851a1d" />
    <TestEntry testId="fd94807e-78cb-3901-1b2d-9b489548223e" executionId="d2c5f00e-a828-438e-a98e-786248986250" testListId="8c84fa94-04c1-424b-9868-57a2d4851a1d" />
    <TestEntry testId="799fbad9-5075-f3da-4790-37f50d710aec" executionId="d09595fe-5563-4009-8df6-8c478fe982f5" testListId="8c84fa94-04c1-424b-9868-57a2d4851a1d" />
    <TestEntry testId="de5fdeb5-be0e-d4bc-2594-57e62500493e" executionId="efcc5b7c-59d9-47dd-9930-4ea74fdedbf2" testListId="8c84fa94-04c1-424b-9868-57a2d4851a1d" />
    <TestEntry testId="5eb239f9-61f4-2e9c-808a-60a9c61857a7" executionId="fc7aeda4-a593-478f-ac74-da06396f4590" testListId="8c84fa94-04c1-424b-9868-57a2d4851a1d" />
    <TestEntry testId="86dccb84-2d08-6d5b-4bb8-f8925cf46673" executionId="5213af33-e489-44a8-8e81-1ba89f4e5fd4" testListId="8c84fa94-04c1-424b-9868-57a2d4851a1d" />
    <TestEntry testId="9728d47d-37cc-f24e-fd34-5844fe6e12d5" executionId="f6e7e8c2-4bd6-438b-8298-b6fb4757001b" testListId="8c84fa94-04c1-424b-9868-57a2d4851a1d" />
    <TestEntry testId="8e2f648d-7a7a-8101-74b4-386da19e522e" executionId="d1eb8d3a-be2d-4a10-800d-6cd292e22bdf" testListId="8c84fa94-04c1-424b-9868-57a2d4851a1d" />
    <TestEntry testId="edede126-af57-dfdf-3f86-bf2188236c8a" executionId="75975002-8b43-4855-90f7-a7e3714ef70c" testListId="8c84fa94-04c1-424b-9868-57a2d4851a1d" />
    <TestEntry testId="178f9eab-600c-20e6-62fc-f3461ab7bbc5" executionId="bf91abc5-b336-4bd2-95c7-1aa697668c2f" testListId="8c84fa94-04c1-424b-9868-57a2d4851a1d" />
  </TestEntries>
  <TestLists>
    <TestList name="Results Not in a List" id="8c84fa94-04c1-424b-9868-57a2d4851a1d" />
    <TestList name="All Loaded Results" id="19431567-8539-422a-85d7-44ee4e166bda" />
  </TestLists>
  <ResultSummary outcome="Failed">
    <Counters total="27" executed="27" passed="26" failed="1" error="0" timeout="0" aborted="0" inconclusive="0" passedButRunAborted="0" notRunnable="0" notExecuted="0" disconnected="0" warning="0" completed="0" inProgress="0" pending="0" />
    <Output>
      <StdOut>[xUnit.net 00:00:00.00] xUnit.net VSTest Adapter v3.1.5+1b188a7b0a (64-bit .NET 9.0.4)&#xD;
[xUnit.net 00:00:00.06]   Discovering: backend.Tests&#xD;
[xUnit.net 00:00:00.09]   Discovered:  backend.Tests&#xD;
[xUnit.net 00:00:00.10]   Starting:    backend.Tests&#xD;
     Warning:&#xD;
     The component "Fluent Assertions" is governed by the rules defined in the Xceed License Agreement and&#xD;
     the Xceed Fluent Assertions Community License. You may use Fluent Assertions free of charge for&#xD;
     non-commercial use only. An active subscription is required to use Fluent Assertions for commercial use.&#xD;
     Please contact Xceed Sales mailto:sales@xceed.com to acquire a subscription at a very low cost.&#xD;
     A paid commercial license supports the development and continued increasing support of&#xD;
     Fluent Assertions users under both commercial and community licenses. Help us&#xD;
     keep Fluent Assertions at the forefront of unit testing.&#xD;
     For more information, visit https://xceed.com/products/unit-testing/fluent-assertions/&#xD;
[xUnit.net 00:00:00.79]       System.InvalidOperationException : An error was generated for warning 'Microsoft.EntityFrameworkCore.Database.Transaction.TransactionIgnoredWarning': Transactions are not supported by the in-memory store. See https://go.microsoft.com/fwlink/?LinkId=800142 This exception can be suppressed or logged by passing event ID 'InMemoryEventId.TransactionIgnoredWarning' to the 'ConfigureWarnings' method in 'DbContext.OnConfiguring' or 'AddDbContext'.&#xD;
[xUnit.net 00:00:00.79]       Stack Trace:&#xD;
[xUnit.net 00:00:00.79]            at Microsoft.EntityFrameworkCore.Diagnostics.EventDefinition.Log[TLoggerCategory](IDiagnosticsLogger`1 logger, Exception exception)&#xD;
[xUnit.net 00:00:00.79]            at Microsoft.EntityFrameworkCore.InMemory.Internal.InMemoryLoggerExtensions.TransactionIgnoredWarning(IDiagnosticsLogger`1 diagnostics)&#xD;
[xUnit.net 00:00:00.79]            at Microsoft.EntityFrameworkCore.InMemory.Storage.Internal.InMemoryTransactionManager.BeginTransactionAsync(CancellationToken cancellationToken)&#xD;
[xUnit.net 00:00:00.79]            at Microsoft.EntityFrameworkCore.Infrastructure.DatabaseFacade.BeginTransactionAsync(CancellationToken cancellationToken)&#xD;
[xUnit.net 00:00:00.79]         D:\WorkSpace\SchoolTrainingSystem\backend.Tests\Integration\DatabaseIntegrationTests.cs(162,0): at backend.Tests.Integration.DatabaseIntegrationTests.TransactionRollback_OnError()&#xD;
[xUnit.net 00:00:00.79]         --- End of stack trace from previous location ---&#xD;
[xUnit.net 00:00:00.83]   Finished:    backend.Tests&#xD;
</StdOut>
    </Output>
    <RunInfos>
      <RunInfo computerName="TUANKHUE" outcome="Error" timestamp="2025-12-27T11:19:43.7871697+07:00">
        <Text>[xUnit.net 00:00:00.79]     backend.Tests.Integration.DatabaseIntegrationTests.TransactionRollback_OnError [FAIL]</Text>
      </RunInfo>
    </RunInfos>
  </ResultSummary>
</TestRun>